2021-03-09 17:08:36.844  INFO 10896 --- [main] m.g.web_application.WebApplication       : Starting WebApplication using Java 15.0.1 on DESKTOP-VN971G7 with PID 10896 (D:\JetBrains\IdeaProjects\spring-bot-admin-sample\web-application\target\classes started by geron in D:\JetBrains\IdeaProjects\spring-bot-admin-sample\web-application)
2021-03-09 17:08:36.845  INFO 10896 --- [main] m.g.web_application.WebApplication       : No active profile set, falling back to default profiles: default
2021-03-09 17:08:37.645  INFO 10896 --- [main] .s.d.r.c.RepositoryConfigurationDelegate : Bootstrapping Spring Data JPA repositories in DEFAULT mode.
2021-03-09 17:08:37.699  INFO 10896 --- [main] .s.d.r.c.RepositoryConfigurationDelegate : Finished Spring Data repository scanning in 48 ms. Found 2 JPA repository interfaces.
2021-03-09 17:08:38.213  INFO 10896 --- [main] o.s.b.w.embedded.tomcat.TomcatWebServer  : Tomcat initialized with port(s): 8080 (http)
2021-03-09 17:08:38.227  INFO 10896 --- [main] o.apache.catalina.core.StandardService   : Starting service [Tomcat]
2021-03-09 17:08:38.227  INFO 10896 --- [main] org.apache.catalina.core.StandardEngine  : Starting Servlet engine: [Apache Tomcat/9.0.43]
2021-03-09 17:08:38.313  INFO 10896 --- [main] o.a.c.c.C.[Tomcat].[localhost].[/]       : Initializing Spring embedded WebApplicationContext
2021-03-09 17:08:38.314  INFO 10896 --- [main] w.s.c.ServletWebServerApplicationContext : Root WebApplicationContext: initialization completed in 1429 ms
2021-03-09 17:08:38.422  INFO 10896 --- [main] com.zaxxer.hikari.HikariDataSource       : HikariPool-1 - Starting...
2021-03-09 17:08:38.549  INFO 10896 --- [main] com.zaxxer.hikari.HikariDataSource       : HikariPool-1 - Start completed.
2021-03-09 17:08:38.553  INFO 10896 --- [main] o.s.b.a.h2.H2ConsoleAutoConfiguration    : H2 console available at '/h2'. Database available at 'jdbc:h2:mem:memDb'
2021-03-09 17:08:38.703  INFO 10896 --- [main] o.hibernate.jpa.internal.util.LogHelper  : HHH000204: Processing PersistenceUnitInfo [name: default]
2021-03-09 17:08:38.755  INFO 10896 --- [main] org.hibernate.Version                    : HHH000412: Hibernate ORM core version 5.4.28.Final
2021-03-09 17:08:38.901  INFO 10896 --- [main] o.hibernate.annotations.common.Version   : HCANN000001: Hibernate Commons Annotations {5.1.2.Final}
2021-03-09 17:08:38.993  INFO 10896 --- [main] org.hibernate.dialect.Dialect            : HHH000400: Using dialect: org.hibernate.dialect.H2Dialect
2021-03-09 17:08:39.460  INFO 10896 --- [main] o.h.e.t.j.p.i.JtaPlatformInitiator       : HHH000490: Using JtaPlatform implementation: [org.hibernate.engine.transaction.jta.platform.internal.NoJtaPlatform]
2021-03-09 17:08:39.466  INFO 10896 --- [main] j.LocalContainerEntityManagerFactoryBean : Initialized JPA EntityManagerFactory for persistence unit 'default'
2021-03-09 17:08:39.686  WARN 10896 --- [main] JpaBaseConfiguration$JpaWebConfiguration : spring.jpa.open-in-view is enabled by default. Therefore, database queries may be performed during view rendering. Explicitly configure spring.jpa.open-in-view to disable this warning
2021-03-09 17:08:39.768  INFO 10896 --- [main] o.s.s.concurrent.ThreadPoolTaskExecutor  : Initializing ExecutorService 'applicationTaskExecutor'
2021-03-09 17:08:39.986  INFO 10896 --- [main] o.s.s.c.ThreadPoolTaskScheduler          : Initializing ExecutorService
2021-03-09 17:08:40.028  INFO 10896 --- [main] o.s.b.a.e.web.EndpointLinksResolver      : Exposing 14 endpoint(s) beneath base path '/actuator'
2021-03-09 17:08:40.062  INFO 10896 --- [main] o.s.b.w.embedded.tomcat.TomcatWebServer  : Tomcat started on port(s): 8080 (http) with context path ''
2021-03-09 17:08:40.072  INFO 10896 --- [main] m.g.web_application.WebApplication       : Started WebApplication in 3.697 seconds (JVM running for 4.281)
2021-03-09 17:08:42.200  WARN 10896 --- [registrationTask1] d.c.b.a.c.r.ApplicationRegistrator       : Failed to register application as Application(name=One To Many Web Service, managementUrl=http://DESKTOP-VN971G7:8080/actuator, healthUrl=http://DESKTOP-VN971G7:8080/actuator/health, serviceUrl=http://DESKTOP-VN971G7:8080/) at spring-boot-admin ([http://localhost:8081/instances]): I/O error on POST request for "http://localhost:8081/instances": Connection refused: no further information; nested exception is java.net.ConnectException: Connection refused: no further information. Further attempts are logged on DEBUG level
2021-03-09 17:08:43.195  INFO 10896 --- [http-nio-8080-exec-1] o.a.c.c.C.[Tomcat].[localhost].[/]       : Initializing Spring DispatcherServlet 'dispatcherServlet'
2021-03-09 17:08:43.195  INFO 10896 --- [http-nio-8080-exec-1] o.s.web.servlet.DispatcherServlet        : Initializing Servlet 'dispatcherServlet'
2021-03-09 17:08:43.196  INFO 10896 --- [http-nio-8080-exec-1] o.s.web.servlet.DispatcherServlet        : Completed initialization in 1 ms
